

<!DOCTYPE html>
<html>
<head>
<meta charset="UTF-8">
<meta name="viewport" content="width=device-width, initial-scale=1, shrink-to-fit=no">
<title>BDD | Test | Run | Results</title>
<link rel="apple-touch-icon" href="https://cdn.jsdelivr.net/gh/extent-framework/extent-github-cdn@b00a2d0486596e73dd7326beacf352c639623a0e/commons/img/logo.png">
<link rel="shortcut icon" href="https://cdn.jsdelivr.net/gh/extent-framework/extent-github-cdn@b00a2d0486596e73dd7326beacf352c639623a0e/commons/img/logo.png">
<link href="https://cdn.jsdelivr.net/gh/extent-framework/extent-github-cdn@d6562a79075e061305ccfdb82f01e5e195e2d307/spark/css/spark-style.css" rel="stylesheet" />
<link href="https://stackpath.bootstrapcdn.com/font-awesome/4.7.0/css/font-awesome.min.css" rel="stylesheet">
<script src="https://cdn.jsdelivr.net/gh/extent-framework/extent-github-cdn@7cc78ce/spark/js/jsontree.js"></script>
<style type="text/css"></style></head><body class="spa bdd-report standard">
  <div class="app">
    <div class="layout">
<div class="header navbar">
<div class="vheader">
<div class="nav-logo">
<a href="#">
<div class="logo" style="background-image: url('https://cdn.jsdelivr.net/gh/extent-framework/extent-github-cdn@b00a2d0486596e73dd7326beacf352c639623a0e/commons/img/logo.png')"></div>
</a>
</div>
<ul class="nav-left">
<li class="search-box">
<a class="search-toggle" href="#">
<i class="search-icon fa fa-search"></i>
<i class="search-icon-close fa fa-close"></i>
</a>
</li>
<li class="search-input"><input id="search-tests" class="form-control" type="text" placeholder="Search..."></li>
</ul>
<ul class="nav-right">
<li class="m-r-10">
<a href="#"><span class="badge badge-primary">BDD-Test-Automation-Report</span></a>
</li>
<li class="m-r-10">
<a href="#"><span class="badge badge-primary">Jul 31, 2023 09:44:04 AM</span></a>
</li>
</ul>
</div>
</div><div class="side-nav">
<div class="side-nav-inner">
<ul class="side-nav-menu">
<li class="nav-item dropdown" onclick="toggleView('dashboard-view')">
<a id="nav-dashboard" class="dropdown-toggle" href="#">
<span class="ico"><i class="fa fa-bar-chart"></i></span>
</a>
</li>
<li class="nav-item dropdown" onclick="toggleView('test-view')">
<a id="nav-test" class="dropdown-toggle" href="#">
<span class="ico"><i class="fa fa-list"></i></span>
</a>
</li>
<li class="nav-item dropdown" onclick="toggleView('category-view')">
<a id="nav-category" class="dropdown-toggle" href="#">
<span class="ico"><i class="fa fa-tag"></i></span>
</a>
</li>
<li class="nav-item dropdown" onclick="toggleView('exception-view')">
<a id="nav-exception" class="dropdown-toggle" href="#">
<span class="ico"><i class="fa fa-bug"></i></span>
</a>
</li>
</ul>
</div>
</div>      <div class="vcontainer">
        <div class="main-content">
<div class="container-fluid p-4 view dashboard-view">
<div class="row">
<div class="col-md-3">
<div class="card"><div class="card-body">
<p class="m-b-0">Started</p>
<h3>Jul 31, 2023 09:44:04 AM</h3>
</div></div>
</div>
<div class="col-md-3">
<div class="card"><div class="card-body">
<p class="m-b-0">Ended</p>
<h3>Jul 31, 2023 09:44:37 AM</h3>
</div></div>
</div>
<div class="col-md-3">
<div class="card"><div class="card-body">
<p class="m-b-0 text-pass">Features Passed</p>
<h3>0</h3>
</div></div>
</div>
<div class="col-md-3">
<div class="card"><div class="card-body">
<p class="m-b-0 text-fail">Features Failed</p>
<h3>1</h3>
</div></div>
</div>
</div>
<div class="row">
<div class="col-md-4">
<div class="card">
<div class="card-header">
<h6 class="card-title">Features</h6>
</div>
<div class="card-body">
<div class="">
<canvas id='parent-analysis' width='115' height='90'></canvas>
</div>
</div>
<div class="card-footer">
<div><small data-tooltip='0%'>
<b>0</b> features passed
</small>
</div>
<div>
<small data-tooltip='100%'><b>1</b> features failed,
<b>0</b> skipped, <b data-tooltip='0%'>0</b> others
</small>
</div>
</div>
</div>
</div>
<div class="col-md-4">
<div class="card">
<div class="card-header">
<h6 class="card-title">Scenarios</h6>
</div>
<div class="card-body">
<div class="">
<canvas id='child-analysis' width='115' height='90'></canvas>
</div>
</div>
<div class="card-footer">
<div><small data-tooltip='0%'><b>0</b> scenarios passed</small></div>
<div>
<small data-tooltip='100%'><b>1</b> scenarios failed,
<b>0</b> skipped, <b data-tooltip='%'>0</b> others
</small>
</div>
</div>
</div>
</div>
<div class="col-md-4">
<div class="card">
<div class="card-header">
<h6 class="card-title">Steps</h6>
</div>
<div class="card-body">
<div class="">
<canvas id='grandchild-analysis' width='115' height='90'></canvas>
</div>
</div>
<div class="card-footer">
<div><small data-tooltip='9%'><b>6</b> steps passed</small></div>
<div>
<small data-tooltip='1%'><b>1</b> steps failed,
<b>55</b> skipped, <b data-tooltip='%'>0</b> others
</small>
</div>
</div>
</div>
</div>
</div>
<div class="row"><div class="col-md-12">
<div class="card"><div class="card-header"><p>Timeline</p></div>
<div class="card-body pt-0"><div>
<canvas id="timeline" height="120"></canvas>
</div></div>
</div>
</div></div>
<script>
var timeline = {
"RC-1731: 2023 Underwriting Changes/Enhancements: My Inbox Views- Add Agency State":32.437
};
</script>
<div class="row">
<div class="col-lg-6 col-md-12 category-container">
<div class="card">
<div class="card-header"><p>Tags</p></div>
<div class="card-body pb-0 pt-0"><table class="table table-sm table-bordered">
<thead><tr class="bg-gray"><th>Name</th><th>Passed</th><th>Failed</th><th>Skipped</th><th>Others</th><th>Passed %</th></tr></thead><tbody>
<tr>
<td>@UnderwritingChanges&Enhancements</td>
<td>0</td>
<td>1</td>
<td>0</td>
<td>0</td>
<td>0%</td>
</tr>
<tr>
<td>@UnderwritingChanges-AddAgencyState</td>
<td>0</td>
<td>1</td>
<td>0</td>
<td>0</td>
<td>0%</td>
</tr>
</tbody>
</table></div>
</div>
</div>
</div>
</div>
<script>
var statusGroup = {
parentCount: 5,
passParent: 0,
failParent: 1,
warningParent: 0,
skipParent: 0,
childCount: 5,
passChild: 0,
failChild: 1,
warningChild: 0,
skipChild: 0,
infoChild: 0,
grandChildCount: 5,
passGrandChild: 6,
failGrandChild: 1,
warningGrandChild: 0,
skipGrandChild: 55,
infoGrandChild: 0,
eventsCount: 5,
};
</script><div class="test-wrapper row view test-view">
  <div class="test-list">
    <div class="test-list-tools">
<ul class="tools pull-left">
<li><a href="#"><span class="font-size-14">Tests</span></a></li>
</ul>
<ul class="tools text-right">
<li class="dropdown">
<a href="#" class="dropdown-toggle" data-toggle="dropdown"><i class="fa fa-exclamation-circle"></i></a>
<ul id="status-toggle" class="dropdown-menu dropdown-md p-v-0">
<a class="dropdown-item" status="fail" href="#"><span>Fail</span><span class="status danger"></span></a>
<div class="dropdown-divider"></div>
<a status="clear" class="dropdown-item" href="#"><span>Clear</span><span class="pull-right"><i class="fa fa-close"></i></span></a>
</ul>
</li>
<li class="dropdown">
<a href="#" class="dropdown-toggle" data-toggle="dropdown"><i class="fa fa-tag"></i></a>
<ul id="tag-toggle" class="dropdown-menu dropdown-md p-v-0">
<a class="dropdown-item" href="#">@UnderwritingChanges&Enhancements</a><a class="dropdown-item" href="#">@UnderwritingChanges-AddAgencyState</a>
</ul>
</li>
</ul>
</div>    <div class="test-list-wrapper scrollable">
      <ul class="test-list-item">
        <li class="test-item"  status="fail" test-id="1"
          author=""
          tag=""
          device="">
          <div class="test-detail">
            <p class="name">RC-1731: 2023 Underwriting Changes/Enhancements: My Inbox Views- Add Agency State</p>
            <p class="text-sm">
              <span>9:44:05 AM</span> / <span>00:00:32:437</span>
              <span class="badge fail-bg log float-right">Fail</span>
            </p>
          </div>
          <div class="test-contents d-none">
<div class="detail-head">
<div class="p-v-10">
<div class="info">
<h5 class="test-status text-fail">RC-1731: 2023 Underwriting Changes/Enhancements: My Inbox Views- Add Agency State</h5>
<span class='badge badge-success'>07.31.2023 9:44:05 AM</span>
<span class='badge badge-danger'>07.31.2023 9:44:37 AM</span>
<span class='badge badge-default'>00:00:32:437</span>
&middot; <span class='uri-anchor badge badge-default'>#test-id=1</span>
<span class='badge badge-default pointer float-right ml-1 et'><i class="fa fa-chevron-down"></i></span>
<span class='badge badge-default pointer float-right ct'><i class="fa fa-chevron-up"></i></span>
</div>
<div class="m-t-10 m-l-5"></div>
</div>
</div>
<div class="accordion mt-4">
  <div class="card">
    <div class="card-header" role="tab">
      <div class="card-title">
        <div class="node" id="2"><span class="badge log fail-bg mr-2">Fail</span>2023 Underwriting Changes/Enhancements: My Inbox Views- Agency State can be selected and added</div>
          <div class="status-avatar float-right mr-4">
            <i class="fa fa-paperclip"></i>
          </div>
      </div>
    </div>
        <div class="">
          <div class="card-body">
              <div class="step pass-bg" title="BEFORE">
                <span>aii.steps.Hooks.start(io.cucumber.java.Scenario)</span>
      <div>****LAUNCH BROWSER****
      </div>
      <div>
      </div>
              </div>
              <div class="step pass-bg" title="aii.steps.LoginStepsTestEnvironments.User_navigates_to_QA2()">
                <span>Given User navigates to QA2</span>
      <div>
      </div>
              </div>
              <div class="step pass-bg" title="aii.steps.LoginStepsTestEnvironments.User_enters_a_valid_user_name(java.lang.String)">
                <span>And User enters a valid user name "<username>"</span>
      <div>
      </div>
              </div>
              <div class="step pass-bg" title="aii.steps.LoginStepsTestEnvironments.User_enters_a_valid_user_password(java.lang.String)">
                <span>And User enters a valid password "<password>"</span>
      <div>
      </div>
              </div>
              <div class="step pass-bg" title="aii.steps.LoginStepsTestEnvironments.User_clicks_on_the_login_button()">
                <span>And User clicks on the login button</span>
      <div>
      </div>
              </div>
              <div class="step fail-bg" title="aii.steps.VOLHO3_NB_Policy.User_hovers_over_quote_and_policy()">
                <span>And User hovers over quote and policy</span>
      <div>
        <textarea disabled class="code-block">org.openqa.selenium.json.JsonException: java.lang.reflect.InvocationTargetException
Build info: version: '4.2.2', revision: '683ccb65d6'
System info: host: 'AI36RDGTL3', ip: '10.1.82.11', os.name: 'Windows 10', os.arch: 'amd64', os.version: '10.0', java.version: '17.0.5'
Driver info: org.openqa.selenium.chrome.ChromeDriver
Command: [859db60d6b2d59a5cb18c456f330fe72, actions {actions=[org.openqa.selenium.interactions.Sequence@566c1e71]}]
Capabilities {acceptInsecureCerts: false, browserName: chrome, browserVersion: 115.0.5790.110, chrome: {chromedriverVersion: 114.0.5735.90 (386bc09e8f4f..., userDataDir: C:\Users\mcemek\AppData\Loc...}, goog:chromeOptions: {debuggerAddress: localhost:56292}, networkConnectionEnabled: false, pageLoadStrategy: normal, platformName: WINDOWS, proxy: Proxy(), se:cdp: ws://localhost:56292/devtoo..., se:cdpVersion: 115.0.5790.110, setWindowRect: true, strictFileInteractability: false, timeouts: {implicit: 0, pageLoad: 300000, script: 30000}, unhandledPromptBehavior: dismiss and notify, webauthn:extension:credBlob: true, webauthn:extension:largeBlob: true, webauthn:extension:minPinLength: true, webauthn:extension:prf: true, webauthn:virtualAuthenticators: true}
Session ID: 859db60d6b2d59a5cb18c456f330fe72
	at org.openqa.selenium.json.JsonOutput.convertUsingMethod(JsonOutput.java:362)
	at org.openqa.selenium.json.JsonOutput.lambda$new$16(JsonOutput.java:154)
	at org.openqa.selenium.json.JsonOutput.write(JsonOutput.java:287)
	at org.openqa.selenium.json.JsonOutput.lambda$new$22(JsonOutput.java:169)
	at java.base/java.util.stream.ForEachOps$ForEachOp$OfRef.accept(ForEachOps.java:183)
	at java.base/java.util.stream.ReferencePipeline$2$1.accept(ReferencePipeline.java:179)
	at java.base/java.util.Iterator.forEachRemaining(Iterator.java:133)
	at java.base/java.util.Spliterators$IteratorSpliterator.forEachRemaining(Spliterators.java:1845)
	at java.base/java.util.stream.AbstractPipeline.copyInto(AbstractPipeline.java:509)
	at java.base/java.util.stream.AbstractPipeline.wrapAndCopyInto(AbstractPipeline.java:499)
	at java.base/java.util.stream.ForEachOps$ForEachOp.evaluateSequential(ForEachOps.java:150)
	at java.base/java.util.stream.ForEachOps$ForEachOp$OfRef.evaluateSequential(ForEachOps.java:173)
	at java.base/java.util.stream.AbstractPipeline.evaluate(AbstractPipeline.java:234)
	at java.base/java.util.stream.ReferencePipeline.forEach(ReferencePipeline.java:596)
	at org.openqa.selenium.json.JsonOutput.lambda$new$23(JsonOutput.java:169)
	at org.openqa.selenium.json.JsonOutput.write(JsonOutput.java:287)
	at org.openqa.selenium.json.JsonOutput.lambda$new$24(JsonOutput.java:182)
	at com.google.common.collect.SingletonImmutableBiMap.forEach(SingletonImmutableBiMap.java:68)
	at org.openqa.selenium.json.JsonOutput.lambda$new$25(JsonOutput.java:177)
	at org.openqa.selenium.json.JsonOutput.write(JsonOutput.java:287)
	at org.openqa.selenium.json.JsonOutput.write(JsonOutput.java:278)
	at org.openqa.selenium.json.Json.toJson(Json.java:42)
	at org.openqa.selenium.remote.codec.AbstractHttpCommandCodec.encode(AbstractHttpCommandCodec.java:259)
	at org.openqa.selenium.remote.codec.AbstractHttpCommandCodec.encode(AbstractHttpCommandCodec.java:127)
	at org.openqa.selenium.remote.HttpCommandExecutor.execute(HttpCommandExecutor.java:172)
	at org.openqa.selenium.remote.service.DriverCommandExecutor.invokeExecute(DriverCommandExecutor.java:167)
	at org.openqa.selenium.remote.service.DriverCommandExecutor.execute(DriverCommandExecutor.java:142)
	at org.openqa.selenium.remote.RemoteWebDriver.execute(RemoteWebDriver.java:588)
	at org.openqa.selenium.remote.RemoteWebDriver.perform(RemoteWebDriver.java:656)
	at org.openqa.selenium.interactions.Actions$BuiltAction.perform(Actions.java:718)
	at org.openqa.selenium.interactions.Actions.perform(Actions.java:674)
	at aii.steps.VOLHO3_NB_Policy.User_hovers_over_quote_and_policy(VOLHO3_NB_Policy.java:21)
	at âœ½.User hovers over quote and policy(file:///C:/Users/mcemek/git/AutomationCucumber2023/src/test/resources/features/Underwriting%20Changes&Enhancements/My%20Inbox%20Views-%20Add%20Agency%20State.feature:11)
	Suppressed: org.openqa.selenium.json.JsonException: Attempting to close incomplete json stream
Build info: version: '4.2.2', revision: '683ccb65d6'
System info: host: 'AI36RDGTL3', ip: '10.1.82.11', os.name: 'Windows 10', os.arch: 'amd64', os.version: '10.0', java.version: '17.0.5'
Driver info: driver.version: RemoteWebDriver
		at org.openqa.selenium.json.JsonOutput.close(JsonOutput.java:303)
		at org.openqa.selenium.json.Json.toJson(Json.java:40)
		at org.openqa.selenium.remote.codec.AbstractHttpCommandCodec.encode(AbstractHttpCommandCodec.java:259)
		at org.openqa.selenium.remote.codec.AbstractHttpCommandCodec.encode(AbstractHttpCommandCodec.java:127)
		at org.openqa.selenium.remote.HttpCommandExecutor.execute(HttpCommandExecutor.java:172)
		at org.openqa.selenium.remote.service.DriverCommandExecutor.invokeExecute(DriverCommandExecutor.java:167)
		at org.openqa.selenium.remote.service.DriverCommandExecutor.execute(DriverCommandExecutor.java:142)
		at org.openqa.selenium.remote.RemoteWebDriver.execute(RemoteWebDriver.java:588)
		at org.openqa.selenium.remote.RemoteWebDriver.perform(RemoteWebDriver.java:656)
		at org.openqa.selenium.interactions.Actions$BuiltAction.perform(Actions.java:718)
		at org.openqa.selenium.interactions.Actions.perform(Actions.java:674)
		at aii.steps.VOLHO3_NB_Policy.User_hovers_over_quote_and_policy(VOLHO3_NB_Policy.java:21)
		at java.base/jdk.internal.reflect.NativeMethodAccessorImpl.invoke0(Native Method)
		at java.base/jdk.internal.reflect.NativeMethodAccessorImpl.invoke(NativeMethodAccessorImpl.java:77)
		at java.base/jdk.internal.reflect.DelegatingMethodAccessorImpl.invoke(DelegatingMethodAccessorImpl.java:43)
		at java.base/java.lang.reflect.Method.invoke(Method.java:568)
		at io.cucumber.java.Invoker.doInvoke(Invoker.java:66)
		at io.cucumber.java.Invoker.invoke(Invoker.java:24)
		at io.cucumber.java.AbstractGlueDefinition.invokeMethod(AbstractGlueDefinition.java:47)
		at io.cucumber.java.JavaStepDefinition.execute(JavaStepDefinition.java:29)
		at io.cucumber.core.runner.CoreStepDefinition.execute(CoreStepDefinition.java:66)
		at io.cucumber.core.runner.PickleStepDefinitionMatch.runStep(PickleStepDefinitionMatch.java:63)
		at io.cucumber.core.runner.ExecutionMode$1.execute(ExecutionMode.java:10)
		at io.cucumber.core.runner.TestStep.executeStep(TestStep.java:85)
		at io.cucumber.core.runner.TestStep.run(TestStep.java:57)
		at io.cucumber.core.runner.PickleStepTestStep.run(PickleStepTestStep.java:51)
		at io.cucumber.core.runner.TestCase.run(TestCase.java:84)
		at io.cucumber.core.runner.Runner.runPickle(Runner.java:75)
		at io.cucumber.junit.PickleRunners$NoStepDescriptions.lambda$run$0(PickleRunners.java:151)
		at io.cucumber.core.runtime.CucumberExecutionContext.lambda$runTestCase$5(CucumberExecutionContext.java:129)
		at io.cucumber.core.runtime.RethrowingThrowableCollector.executeAndThrow(RethrowingThrowableCollector.java:23)
		at io.cucumber.core.runtime.CucumberExecutionContext.runTestCase(CucumberExecutionContext.java:129)
		at io.cucumber.junit.PickleRunners$NoStepDescriptions.run(PickleRunners.java:148)
		at io.cucumber.junit.FeatureRunner.runChild(FeatureRunner.java:144)
		at io.cucumber.junit.FeatureRunner.runChild(FeatureRunner.java:28)
		at org.junit.runners.ParentRunner$4.run(ParentRunner.java:331)
		at org.junit.runners.ParentRunner$1.schedule(ParentRunner.java:79)
		at org.junit.runners.ParentRunner.runChildren(ParentRunner.java:329)
		at org.junit.runners.ParentRunner.access$100(ParentRunner.java:66)
		at org.junit.runners.ParentRunner$2.evaluate(ParentRunner.java:293)
		at org.junit.runners.ParentRunner$3.evaluate(ParentRunner.java:306)
		at org.junit.runners.ParentRunner.run(ParentRunner.java:413)
		at io.cucumber.junit.FeatureRunner.run(FeatureRunner.java:137)
		at io.cucumber.junit.Cucumber.runChild(Cucumber.java:196)
		at io.cucumber.junit.Cucumber.runChild(Cucumber.java:89)
		at org.junit.runners.ParentRunner$4.run(ParentRunner.java:331)
		at org.junit.runners.ParentRunner$1.schedule(ParentRunner.java:79)
		at org.junit.runners.ParentRunner.runChildren(ParentRunner.java:329)
		at org.junit.runners.ParentRunner.access$100(ParentRunner.java:66)
		at org.junit.runners.ParentRunner$2.evaluate(ParentRunner.java:293)
		at io.cucumber.junit.Cucumber$RunBeforeAllHooks.evaluate(Cucumber.java:266)
		at io.cucumber.junit.Cucumber$RunAfterAllHooks.evaluate(Cucumber.java:281)
		at io.cucumber.junit.Cucumber$StartTestRun.evaluate(Cucumber.java:233)
		at io.cucumber.junit.Cucumber$FinishTestRun.evaluate(Cucumber.java:248)
		at org.junit.runners.ParentRunner$3.evaluate(ParentRunner.java:306)
		at org.junit.runners.ParentRunner.run(ParentRunner.java:413)
		at org.eclipse.jdt.internal.junit4.runner.JUnit4TestReference.run(JUnit4TestReference.java:93)
		at org.eclipse.jdt.internal.junit.runner.TestExecution.run(TestExecution.java:40)
		at org.eclipse.jdt.internal.junit.runner.RemoteTestRunner.runTests(RemoteTestRunner.java:529)
		at org.eclipse.jdt.internal.junit.runner.RemoteTestRunner.runTests(RemoteTestRunner.java:756)
		at org.eclipse.jdt.internal.junit.runner.RemoteTestRunner.run(RemoteTestRunner.java:452)
		at org.eclipse.jdt.internal.junit.runner.RemoteTestRunner.main(RemoteTestRunner.java:210)
Caused by: java.lang.reflect.InvocationTargetException
	at java.base/jdk.internal.reflect.NativeMethodAccessorImpl.invoke0(Native Method)
	at java.base/jdk.internal.reflect.NativeMethodAccessorImpl.invoke(NativeMethodAccessorImpl.java:77)
	at java.base/jdk.internal.reflect.DelegatingMethodAccessorImpl.invoke(DelegatingMethodAccessorImpl.java:43)
	at java.base/java.lang.reflect.Method.invoke(Method.java:568)
	at org.openqa.selenium.json.JsonOutput.convertUsingMethod(JsonOutput.java:358)
	at org.openqa.selenium.json.JsonOutput.lambda$new$16(JsonOutput.java:154)
	at org.openqa.selenium.json.JsonOutput.write(JsonOutput.java:287)
	at org.openqa.selenium.json.JsonOutput.lambda$new$22(JsonOutput.java:169)
	at java.base/java.util.stream.ForEachOps$ForEachOp$OfRef.accept(ForEachOps.java:183)
	at java.base/java.util.stream.ReferencePipeline$2$1.accept(ReferencePipeline.java:179)
	at java.base/java.util.Iterator.forEachRemaining(Iterator.java:133)
	at java.base/java.util.Spliterators$IteratorSpliterator.forEachRemaining(Spliterators.java:1845)
	at java.base/java.util.stream.AbstractPipeline.copyInto(AbstractPipeline.java:509)
	at java.base/java.util.stream.AbstractPipeline.wrapAndCopyInto(AbstractPipeline.java:499)
	at java.base/java.util.stream.ForEachOps$ForEachOp.evaluateSequential(ForEachOps.java:150)
	at java.base/java.util.stream.ForEachOps$ForEachOp$OfRef.evaluateSequential(ForEachOps.java:173)
	at java.base/java.util.stream.AbstractPipeline.evaluate(AbstractPipeline.java:234)
	at java.base/java.util.stream.ReferencePipeline.forEach(ReferencePipeline.java:596)
	at org.openqa.selenium.json.JsonOutput.lambda$new$23(JsonOutput.java:169)
	at org.openqa.selenium.json.JsonOutput.write(JsonOutput.java:287)
	at org.openqa.selenium.json.JsonOutput.lambda$new$24(JsonOutput.java:182)
	at com.google.common.collect.SingletonImmutableBiMap.forEach(SingletonImmutableBiMap.java:68)
	at org.openqa.selenium.json.JsonOutput.lambda$new$25(JsonOutput.java:177)
	at org.openqa.selenium.json.JsonOutput.write(JsonOutput.java:287)
	at org.openqa.selenium.json.JsonOutput.write(JsonOutput.java:278)
	at org.openqa.selenium.json.Json.toJson(Json.java:42)
	at org.openqa.selenium.remote.codec.AbstractHttpCommandCodec.encode(AbstractHttpCommandCodec.java:259)
	at org.openqa.selenium.remote.codec.AbstractHttpCommandCodec.encode(AbstractHttpCommandCodec.java:127)
	at org.openqa.selenium.remote.HttpCommandExecutor.execute(HttpCommandExecutor.java:172)
	at org.openqa.selenium.remote.service.DriverCommandExecutor.invokeExecute(DriverCommandExecutor.java:167)
	at org.openqa.selenium.remote.service.DriverCommandExecutor.execute(DriverCommandExecutor.java:142)
	at org.openqa.selenium.remote.RemoteWebDriver.execute(RemoteWebDriver.java:588)
	at org.openqa.selenium.remote.RemoteWebDriver.perform(RemoteWebDriver.java:656)
	at org.openqa.selenium.interactions.Actions$BuiltAction.perform(Actions.java:718)
	at org.openqa.selenium.interactions.Actions.perform(Actions.java:674)
	at aii.steps.VOLHO3_NB_Policy.User_hovers_over_quote_and_policy(VOLHO3_NB_Policy.java:21)
	at java.base/jdk.internal.reflect.NativeMethodAccessorImpl.invoke0(Native Method)
	at java.base/jdk.internal.reflect.NativeMethodAccessorImpl.invoke(NativeMethodAccessorImpl.java:77)
	at java.base/jdk.internal.reflect.DelegatingMethodAccessorImpl.invoke(DelegatingMethodAccessorImpl.java:43)
	at java.base/java.lang.reflect.Method.invoke(Method.java:568)
	at io.cucumber.java.Invoker.doInvoke(Invoker.java:66)
	at io.cucumber.java.Invoker.invoke(Invoker.java:24)
	at io.cucumber.java.AbstractGlueDefinition.invokeMethod(AbstractGlueDefinition.java:47)
	at io.cucumber.java.JavaStepDefinition.execute(JavaStepDefinition.java:29)
	at io.cucumber.core.runner.CoreStepDefinition.execute(CoreStepDefinition.java:66)
	at io.cucumber.core.runner.PickleStepDefinitionMatch.runStep(PickleStepDefinitionMatch.java:63)
	at io.cucumber.core.runner.ExecutionMode$1.execute(ExecutionMode.java:10)
	at io.cucumber.core.runner.TestStep.executeStep(TestStep.java:85)
	at io.cucumber.core.runner.TestStep.run(TestStep.java:57)
	at io.cucumber.core.runner.PickleStepTestStep.run(PickleStepTestStep.java:51)
	at io.cucumber.core.runner.TestCase.run(TestCase.java:84)
	at io.cucumber.core.runner.Runner.runPickle(Runner.java:75)
	at io.cucumber.junit.PickleRunners$NoStepDescriptions.lambda$run$0(PickleRunners.java:151)
	at io.cucumber.core.runtime.CucumberExecutionContext.lambda$runTestCase$5(CucumberExecutionContext.java:129)
	at io.cucumber.core.runtime.RethrowingThrowableCollector.executeAndThrow(RethrowingThrowableCollector.java:23)
	at io.cucumber.core.runtime.CucumberExecutionContext.runTestCase(CucumberExecutionContext.java:129)
	at io.cucumber.junit.PickleRunners$NoStepDescriptions.run(PickleRunners.java:148)
	at io.cucumber.junit.FeatureRunner.runChild(FeatureRunner.java:144)
	at io.cucumber.junit.FeatureRunner.runChild(FeatureRunner.java:28)
	at org.junit.runners.ParentRunner$4.run(ParentRunner.java:331)
	at org.junit.runners.ParentRunner$1.schedule(ParentRunner.java:79)
	at org.junit.runners.ParentRunner.runChildren(ParentRunner.java:329)
	at org.junit.runners.ParentRunner.access$100(ParentRunner.java:66)
	at org.junit.runners.ParentRunner$2.evaluate(ParentRunner.java:293)
	at org.junit.runners.ParentRunner$3.evaluate(ParentRunner.java:306)
	at org.junit.runners.ParentRunner.run(ParentRunner.java:413)
	at io.cucumber.junit.FeatureRunner.run(FeatureRunner.java:137)
	at io.cucumber.junit.Cucumber.runChild(Cucumber.java:196)
	at io.cucumber.junit.Cucumber.runChild(Cucumber.java:89)
	at org.junit.runners.ParentRunner$4.run(ParentRunner.java:331)
	at org.junit.runners.ParentRunner$1.schedule(ParentRunner.java:79)
	at org.junit.runners.ParentRunner.runChildren(ParentRunner.java:329)
	at org.junit.runners.ParentRunner.access$100(ParentRunner.java:66)
	at org.junit.runners.ParentRunner$2.evaluate(ParentRunner.java:293)
	at io.cucumber.junit.Cucumber$RunBeforeAllHooks.evaluate(Cucumber.java:266)
	at io.cucumber.junit.Cucumber$RunAfterAllHooks.evaluate(Cucumber.java:281)
	at io.cucumber.junit.Cucumber$StartTestRun.evaluate(Cucumber.java:233)
	at io.cucumber.junit.Cucumber$FinishTestRun.evaluate(Cucumber.java:248)
	at org.junit.runners.ParentRunner$3.evaluate(ParentRunner.java:306)
	at org.junit.runners.ParentRunner.run(ParentRunner.java:413)
	at org.eclipse.jdt.internal.junit4.runner.JUnit4TestReference.run(JUnit4TestReference.java:93)
	at org.eclipse.jdt.internal.junit.runner.TestExecution.run(TestExecution.java:40)
	at org.eclipse.jdt.internal.junit.runner.RemoteTestRunner.runTests(RemoteTestRunner.java:529)
	at org.eclipse.jdt.internal.junit.runner.RemoteTestRunner.runTests(RemoteTestRunner.java:756)
	at org.eclipse.jdt.internal.junit.runner.RemoteTestRunner.run(RemoteTestRunner.java:452)
	at org.eclipse.jdt.internal.junit.runner.RemoteTestRunner.main(RemoteTestRunner.java:210)
Caused by: org.openqa.selenium.NoSuchElementException: no such element: Unable to locate element: {"method":"css selector","selector":"#Menu_Policy"}
  (Session info: chrome=115.0.5790.110)
For documentation on this error, please visit: https://selenium.dev/exceptions/#no_such_element
Build info: version: '4.2.2', revision: '683ccb65d6'
System info: host: 'AI36RDGTL3', ip: '10.1.82.11', os.name: 'Windows 10', os.arch: 'amd64', os.version: '10.0', java.version: '17.0.5'
Driver info: org.openqa.selenium.chrome.ChromeDriver
Command: [859db60d6b2d59a5cb18c456f330fe72, findElement {using=id, value=Menu_Policy}]
Capabilities {acceptInsecureCerts: false, browserName: chrome, browserVersion: 115.0.5790.110, chrome: {chromedriverVersion: 114.0.5735.90 (386bc09e8f4f..., userDataDir: C:\Users\mcemek\AppData\Loc...}, goog:chromeOptions: {debuggerAddress: localhost:56292}, networkConnectionEnabled: false, pageLoadStrategy: normal, platformName: WINDOWS, proxy: Proxy(), se:cdp: ws://localhost:56292/devtoo..., se:cdpVersion: 115.0.5790.110, setWindowRect: true, strictFileInteractability: false, timeouts: {implicit: 0, pageLoad: 300000, script: 30000}, unhandledPromptBehavior: dismiss and notify, webauthn:extension:credBlob: true, webauthn:extension:largeBlob: true, webauthn:extension:minPinLength: true, webauthn:extension:prf: true, webauthn:virtualAuthenticators: true}
Session ID: 859db60d6b2d59a5cb18c456f330fe72
	at java.base/jdk.internal.reflect.NativeConstructorAccessorImpl.newInstance0(Native Method)
	at java.base/jdk.internal.reflect.NativeConstructorAccessorImpl.newInstance(NativeConstructorAccessorImpl.java:77)
	at java.base/jdk.internal.reflect.DelegatingConstructorAccessorImpl.newInstance(DelegatingConstructorAccessorImpl.java:45)
	at java.base/java.lang.reflect.Constructor.newInstanceWithCaller(Constructor.java:499)
	at java.base/java.lang.reflect.Constructor.newInstance(Constructor.java:480)
	at org.openqa.selenium.remote.codec.w3c.W3CHttpResponseCodec.createException(W3CHttpResponseCodec.java:200)
	at org.openqa.selenium.remote.codec.w3c.W3CHttpResponseCodec.decode(W3CHttpResponseCodec.java:133)
	at org.openqa.selenium.remote.codec.w3c.W3CHttpResponseCodec.decode(W3CHttpResponseCodec.java:53)
	at org.openqa.selenium.remote.HttpCommandExecutor.execute(HttpCommandExecutor.java:184)
	at org.openqa.selenium.remote.service.DriverCommandExecutor.invokeExecute(DriverCommandExecutor.java:167)
	at org.openqa.selenium.remote.service.DriverCommandExecutor.execute(DriverCommandExecutor.java:142)
	at org.openqa.selenium.remote.RemoteWebDriver.execute(RemoteWebDriver.java:588)
	at org.openqa.selenium.remote.ElementLocation$ElementFinder$2.findElement(ElementLocation.java:162)
	at org.openqa.selenium.remote.ElementLocation.findElement(ElementLocation.java:60)
	at org.openqa.selenium.remote.RemoteWebDriver.findElement(RemoteWebDriver.java:406)
	at org.openqa.selenium.remote.RemoteWebDriver.findElement(RemoteWebDriver.java:398)
	at org.openqa.selenium.support.pagefactory.DefaultElementLocator.findElement(DefaultElementLocator.java:70)
	at org.openqa.selenium.support.pagefactory.internal.LocatingElementHandler.invoke(LocatingElementHandler.java:39)
	at jdk.proxy2/jdk.proxy2.$Proxy28.getWrappedElement(Unknown Source)
	at org.openqa.selenium.interactions.PointerInput$Origin.asArg(PointerInput.java:260)
	at org.openqa.selenium.interactions.PointerInput$Move.encode(PointerInput.java:209)
	at org.openqa.selenium.interactions.Sequence.encode(Sequence.java:73)
	at org.openqa.selenium.interactions.Sequence.toJson(Sequence.java:82)
	... 86 more
</textarea>
      
      </div>
              </div>
              <div class="step skip-bg" title="aii.steps.VOLHO3_NB_Policy.User_clicks_new_custemer_and_quote()">
                <span>And User clicks new custemer and quote</span>
      <div>Step skipped
      </div>
              </div>
              <div class="step skip-bg" title="aii.steps.VOLHO3_NB_Policy.User_clicks_Entity_Type()">
                <span>And User clicks Entity Type</span>
      <div>Step skipped
      </div>
              </div>
              <div class="step skip-bg" title="aii.steps.VOLHO3_NB_Policy.User_enters_Customer_Informations()">
                <span>And User enters Customer Informations</span>
      <div>Step skipped
      </div>
              </div>
              <div class="step skip-bg" title="aii.steps.VOLHO3_NB_Policy.User_enters_Dwelling_Address()">
                <span>And User enters Dwelling Address</span>
      <div>Step skipped
      </div>
              </div>
              <div class="step skip-bg" title="aii.steps.VOLHO3_NB_Policy.User_enters_effective_date(java.lang.String)">
                <span>And User enters effective date "<EffectiveDate>"</span>
      <div>Step skipped
      </div>
              </div>
              <div class="step skip-bg" title="aii.steps.VOLHO3_NB_Policy.I_enters_state()">
                <span>And User enters state</span>
      <div>Step skipped
      </div>
              </div>
              <div class="step skip-bg" title="aii.steps.VOLHO3_NB_Policy.User_clicks_VOL_HO3_policy()">
                <span>And User clicks VOL HO3 policy</span>
      <div>Step skipped
      </div>
              </div>
              <div class="step skip-bg" title="aii.steps.VOLHO3_NB_Policy.User_enters_Producer_Code()">
                <span>And User enters Producer Code</span>
      <div>Step skipped
      </div>
              </div>
              <div class="step skip-bg" title="aii.steps.VOLHO3_NB_Policy.User_clicks_Prior_Carrier()">
                <span>And User clicks Prior Carrier</span>
      <div>Step skipped
      </div>
              </div>
              <div class="step skip-bg" title="aii.steps.VOLHO3_NB_Policy.User_enters_Prior_Policy_Expiration_Date()">
                <span>And User enters Prior Policy Expiration Date</span>
      <div>Step skipped
      </div>
              </div>
              <div class="step skip-bg" title="aii.steps.VOLHO3_NB_Policy.User_enters_Insurance_Score()">
                <span>And User enters Insurance Score</span>
      <div>Step skipped
      </div>
              </div>
              <div class="step skip-bg" title="aii.steps.VOLHO3_NB_Policy.User_enters_Primary_Phone()">
                <span>And User enters Primary Phone</span>
      <div>Step skipped
      </div>
              </div>
              <div class="step skip-bg" title="aii.steps.VOLHO3_NB_Policy.User_clicks_No_Email()">
                <span>And User clicks No Email</span>
      <div>Step skipped
      </div>
              </div>
              <div class="step skip-bg" title="aii.steps.VOLHO3_NB_Policy.User_enters_Construction_Type(java.lang.String)">
                <span>And User enters Construction Type "<ConstructionType>"</span>
      <div>Step skipped
      </div>
              </div>
              <div class="step skip-bg" title="aii.steps.VOLHO3_NB_Policy.User_enters_Occupancy(java.lang.String)">
                <span>And User enters Occupancy "<Occupancy>"</span>
      <div>Step skipped
      </div>
              </div>
              <div class="step skip-bg" title="aii.steps.VOLHO3_NB_Policy.User_enters_Months_Occupied(java.lang.String)">
                <span>And User enters Months Occupied "<MonthsOccupied>"</span>
      <div>Step skipped
      </div>
              </div>
              <div class="step skip-bg" title="aii.steps.VOLHO3_NB_Policy.User_enters_Has_Insured_resided_at_the_risk_address()">
                <span>And User enters Has Insured resided at the risk address</span>
      <div>Step skipped
      </div>
              </div>
              <div class="step skip-bg" title="aii.steps.VOLHO3_NB_Policy.User_enters_Year_of_Construction(java.lang.String)">
                <span>And User enters Year of Construction "<YearOfConstruction>"</span>
      <div>Step skipped
      </div>
              </div>
              <div class="step skip-bg" title="aii.steps.VOLHO3_NB_Policy.User_enters_Square_Feet(java.lang.String)">
                <span>And User enters Square Feet "<SquareFeet>"</span>
      <div>Step skipped
      </div>
              </div>
              <div class="step skip-bg" title="aii.steps.VOLHO3_NB_Policy.User_enters_Building_Code_Effectiveness_Grade(java.lang.String)">
                <span>And User enters Building Code Effectiveness Grade "<BuildingCodeEffectivenessGrade>"</span>
      <div>Step skipped
      </div>
              </div>
              <div class="step skip-bg" title="aii.steps.VOLHO3_NB_Policy.User_enters_Number_of_stories(java.lang.String)">
                <span>And User enters Number of stories "<NumberOfStories>"</span>
      <div>Step skipped
      </div>
              </div>
              <div class="step skip-bg" title="aii.steps.VOLHO3_NB_Policy.User_enters_Roof_Material(java.lang.String)">
                <span>And User enters Roof Material "<RoofMaterial>"</span>
      <div>Step skipped
      </div>
              </div>
              <div class="step skip-bg" title="aii.steps.VOLHO3_NB_Policy.User_enters_Fireplace(java.lang.String)">
                <span>And User enters Fireplace "<Fireplace>"</span>
      <div>Step skipped
      </div>
              </div>
              <div class="step skip-bg" title="aii.steps.VOLHO3_NB_Policy.User_enters_Exterior_Walls(java.lang.String)">
                <span>And User enters Exterior Walls "<ExteriorWalls>"</span>
      <div>Step skipped
      </div>
              </div>
              <div class="step skip-bg" title="aii.steps.VOLHO3_NB_Policy.User_clicks_Reserve_Package()">
                <span>And User clicks Reserve Package</span>
      <div>Step skipped
      </div>
              </div>
              <div class="step skip-bg" title="aii.steps.VOLHO3_NB_Policy.User_enters_Coverage_A_Dwelling()">
                <span>And User enters Coverage A Dwelling</span>
      <div>Step skipped
      </div>
              </div>
              <div class="step skip-bg" title="aii.steps.VOLHO3_NB_Policy.User_enters_Animal_Liability(java.lang.String)">
                <span>And User enters Animal Liability "<AnimalLiability>"</span>
      <div>Step skipped
      </div>
              </div>
              <div class="step skip-bg" title="aii.steps.VOLHO3_NB_Policy.User_enters_Mandatory_Mediation_Arbitration()">
                <span>And User enters Mandatory Mediation Arbitration</span>
      <div>Step skipped
      </div>
              </div>
              <div class="step skip-bg" title="aii.steps.VOLHO3_NB_Policy.User_enters_Fire_Alarm(java.lang.String)">
                <span>And User enters Fire Alarm "<FireAlarm>"</span>
      <div>Step skipped
      </div>
              </div>
              <div class="step skip-bg" title="aii.steps.VOLHO3_NB_Policy.User_enters_Sprinkler_System(java.lang.String)">
                <span>And User enters Sprinkler System "<SprinklerSystem>"</span>
      <div>Step skipped
      </div>
              </div>
              <div class="step skip-bg" title="aii.steps.VOLHO3_NB_Policy.User_enters_Burglar_Alarm(java.lang.String)">
                <span>And User enters Burglar Alarm "<BurglarAlarm>"</span>
      <div>Step skipped
      </div>
              </div>
              <div class="step skip-bg" title="aii.steps.VOLHO3_NB_Policy.User_enters_Secured_Community_and_Bldg(java.lang.String)">
                <span>And User enters Secured Community and Bldg "<SecuredCommunityBldg>"</span>
      <div>Step skipped
      </div>
              </div>
              <div class="step skip-bg" title="aii.steps.VOLHO3_NB_Policy.User_enters_Military_Discount(java.lang.String)">
                <span>And User enters Military Discount "<MilitaryDiscount>"</span>
      <div>Step skipped
      </div>
              </div>
              <div class="step skip-bg" title="aii.steps.VOLHO3_NB_Policy.User_enters_Roof_Shape(java.lang.String)">
                <span>And User enters Roof Shape "<RoofShape>"</span>
      <div>Step skipped
      </div>
              </div>
              <div class="step skip-bg" title="aii.steps.VOLHO3_NB_Policy.User_enters_SWR(java.lang.String)">
                <span>And User enters SWR "<SWR>"</span>
      <div>Step skipped
      </div>
              </div>
              <div class="step skip-bg" title="aii.steps.VOLHO3_NB_Policy.User_clicks_Flood_Coverage(java.lang.String)">
                <span>And User clicks Flood Coverage "<FloodCoverage>"</span>
      <div>Step skipped
      </div>
              </div>
              <div class="step skip-bg" title="aii.steps.VOLHO3_NB_Policy.User_selects_Flood_Coverage_Deductible(java.lang.String)">
                <span>And User selects Flood Coverage Deductible "<FloodCoverageDeductible>"</span>
      <div>Step skipped
      </div>
              </div>
              <div class="step skip-bg" title="aii.steps.VOLHO3_NB_Policy.User_selects_Flood_Foundation_Type(java.lang.String)">
                <span>And User selects Flood Foundation Type "<FloodFoundationType>"</span>
      <div>Step skipped
      </div>
              </div>
              <div class="step skip-bg" title="aii.steps.VOLHO3_NB_Policy.User_selects_Flood_Zone_Override(java.lang.String)">
                <span>And User selects Flood Zone Override "<FloodZoneOverride>"</span>
      <div>Step skipped
      </div>
              </div>
              <div class="step skip-bg" title="aii.steps.VOLHO3_NB_Policy.User_selects_Preferred_Risk_Status(java.lang.String)">
                <span>And User selects Preferred Risk Status "<PreferredRiskStatus>"</span>
      <div>Step skipped
      </div>
              </div>
              <div class="step skip-bg" title="aii.steps.VOLHO3_NB_Policy.User_selects_SFHA_Override(java.lang.String)">
                <span>And User selects SFHA Override "<SFHAOverride>"</span>
      <div>Step skipped
      </div>
              </div>
              <div class="step skip-bg" title="aii.steps.VOLHO3_NB_Policy.User_selects_Elevated_Risk_Discount(java.lang.String)">
                <span>And User selects Elevated Risk Discount "<ElevatedRiskDiscount>"</span>
      <div>Step skipped
      </div>
              </div>
              <div class="step skip-bg" title="aii.steps.VOLHO3_NB_Policy.User_clicks_Save()">
                <span>And User clicks Save</span>
      <div>Step skipped
      </div>
              </div>
              <div class="step skip-bg" title="aii.steps.VOLHO3_NB_Policy.User_clicks_Review_button()">
                <span>And User clicks Review button</span>
      <div>Step skipped
      </div>
              </div>
              <div class="step skip-bg" title="aii.steps.VOLHO3_NB_Policy.User_enters_Pay_Plan_Type()">
                <span>And User enters Pay Plan Type</span>
      <div>Step skipped
      </div>
              </div>
              <div class="step skip-bg" title="aii.steps.VOLHO3_NB_Policy.User_clicks_Next_Page()">
                <span>And User clicks Next Page</span>
      <div>Step skipped
      </div>
              </div>
              <div class="step skip-bg" title="aii.steps.VOLHO3_NB_Policy.User_enters_HO3_Underwritting_Questions()">
                <span>And User enters HO3 Underwritting Questions</span>
      <div>Step skipped
      </div>
              </div>
              <div class="step skip-bg" title="aii.steps.VOLHO3_NB_Policy.User_enters_Dwelling_Type()">
                <span>And User enters Dwelling Type</span>
      <div>Step skipped
      </div>
              </div>
              <div class="step skip-bg" title="aii.steps.VOLHO6RateChange.User_enters_Number_of_stories()">
                <span>And User enters Number of stories</span>
      <div>Step skipped
      </div>
              </div>
              <div class="step skip-bg" title="aii.steps.VOLHO3_NB_Policy.User_clicks_Finalize_button()">
                <span>And User clicks Finalize button</span>
      <div>Step skipped
      </div>
              </div>
              <div class="step skip-bg" title="aii.steps.VOLDP3_NB_Policy.User_selects_Payment_Type()">
                <span>And User selects Payment Type</span>
      <div>Step skipped
      </div>
              </div>
              <div class="step skip-bg" title="aii.steps.VOLDP3_NB_Policy.User_clicks_Issue_New_Business()">
                <span>And User clicks Issue New Business</span>
      <div>Step skipped
      </div>
              </div>
              <div class="step skip-bg" title="aii.steps.VOLHO3_RN_Policy.User_returns_to_main_page()">
                <span>And User returns to main page</span>
      <div>Step skipped
      </div>
              </div>
              <div class="step skip-bg" title="aii.steps.VOLHO3RateChange.User_clicks_Worksheets_chevron()">
                <span>And User clicks Worksheets chevron</span>
      <div>Step skipped
      </div>
              </div>
              <div class="step skip-bg" title="aii.steps.VOLHO3_FIGA.User_validates_New_FIGA_HO3_rate()">
                <span>Then User validates New FIGA HO3 rate</span>
      <div>Step skipped
      </div>
              </div>
              <div class="step pass-bg" title="AFTER">
                <span>aii.steps.Hooks.end(io.cucumber.java.Scenario)</span>
      <div>2023 Underwriting Changes/Enhancements: My Inbox Views- Agency State can be selected and added
          <div class="row mb-3"><div class="col-md-3">
<img data-featherlight='../Screenshots/embedded1.png' src="../Screenshots/embedded1.png">
    
    </div></div>
</div>
      <div>
      </div>
              </div>
          </div>
        </div>
  </div>
</div>
          </div>
        </li>
      </ul>
    </div>
  </div>
<div class="test-content scrollable">
<div class="test-content-tools">
<ul><li><a class="back-to-test" href="#"><i class="fa fa-arrow-left"></i></a></li></ul>
</div>
<div class="test-content-detail"><div class="detail-body"></div></div>
</div></div>
<div class="test-wrapper row view category-view attributes-view">
<div class="test-list">
<div class="test-list-tools">
<ul class="tools pull-left"><li><a href=""><span class="font-size-14">Category</span></a></li></ul>
<ul class="tools text-right"><li><a href="#"><span class="badge badge-primary">2</span></a></li></ul>
</div>
<div class="test-list-wrapper scrollable">
<ul class="test-list-item">
<li class="test-item">
<div class="test-detail">
<span class="meta">
<span class='badge log badge-danger'>1</span>
</span>
<p class="name">@UnderwritingChanges&Enhancements</p>
<p class="duration text-sm">1 tests</p>
</div>
<div class="test-contents d-none">
<div class="info">
<h4>@UnderwritingChanges&Enhancements</h4>
<span status="fail" class='badge log badge-danger'>1 failed</span>
</div>
<table class='table table-sm mt-4'>
<thead>
<tr>
<th class="status-col">Status</th>
<th class="timestamp-col">Timestamp</th>
<th>TestName</th>
</tr>
</thead>
<tbody>
<tr class="tag-test-status" status="fail">
<td><span class="badge log fail-bg">Fail</span></td>
<td>09:44:05 AM</td>
<td>
<a href="#" class="linked" test-id='1' id='2'>2023 Underwriting Changes/Enhancements: My Inbox Views- Agency State can be selected and added</a>
<div class="">
<span class="badge badge-default">RC-1731: 2023 Underwriting Changes/Enhancements: My Inbox Views- Add Agency State.2023 Underwriting Changes/Enhancements: My Inbox Views- Agency State can be selected and added</span>
</div>
</td>
</tr>
</tbody>
</table>
</div>
</li>
<li class="test-item">
<div class="test-detail">
<span class="meta">
<span class='badge log badge-danger'>1</span>
</span>
<p class="name">@UnderwritingChanges-AddAgencyState</p>
<p class="duration text-sm">1 tests</p>
</div>
<div class="test-contents d-none">
<div class="info">
<h4>@UnderwritingChanges-AddAgencyState</h4>
<span status="fail" class='badge log badge-danger'>1 failed</span>
</div>
<table class='table table-sm mt-4'>
<thead>
<tr>
<th class="status-col">Status</th>
<th class="timestamp-col">Timestamp</th>
<th>TestName</th>
</tr>
</thead>
<tbody>
<tr class="tag-test-status" status="fail">
<td><span class="badge log fail-bg">Fail</span></td>
<td>09:44:05 AM</td>
<td>
<a href="#" class="linked" test-id='1' id='2'>2023 Underwriting Changes/Enhancements: My Inbox Views- Agency State can be selected and added</a>
<div class="">
<span class="badge badge-default">RC-1731: 2023 Underwriting Changes/Enhancements: My Inbox Views- Add Agency State.2023 Underwriting Changes/Enhancements: My Inbox Views- Agency State can be selected and added</span>
</div>
</td>
</tr>
</tbody>
</table>
</div>
</li>
</ul>
</div>
</div>
<div class="test-content scrollable">
<div class="test-content-detail">
<div class="detail-body"></div>
</div>
</div>
</div><div class="test-wrapper row view exception-view attributes-view">
<div class="test-list">
<div class="test-list-tools">
<ul class="tools pull-left"><li><a href=""><span class="font-size-14">Exception</span></a></li></ul>
<ul class="tools text-right"><li><a href="#"><span class="badge badge-primary">1</span></a></li></ul>
</div>
<div class="test-list-wrapper scrollable">
<ul class="test-list-item">
<li class="test-item">
<div class="test-detail">
<span class="meta">
<span class='badge log badge-danger'>1</span>
</span>
<p class="name">org.openqa.selenium.json.JsonException</p>
<p class="duration text-sm">1 tests</p>
</div>
<div class="test-contents d-none">
<div class="info">
<h4>org.openqa.selenium.json.JsonException</h4>
<span status="fail" class='badge log badge-danger'>1 failed</span>
</div>
<table class='table table-sm mt-4'>
<thead>
<tr>
<th class="status-col">Status</th>
<th class="timestamp-col">Timestamp</th>
<th>TestName</th>
</tr>
</thead>
<tbody>
<tr class="tag-test-status" status="fail">
<td><span class="badge log fail-bg">Fail</span></td>
<td>09:44:20 AM</td>
<td>
<a href="#" class="linked" test-id='1' id='8'>And User hovers over quote and policy</a>
<div class="">
<span class="badge badge-default">RC-1731: 2023 Underwriting Changes/Enhancements: My Inbox Views- Add Agency State.2023 Underwriting Changes/Enhancements: My Inbox Views- Agency State can be selected and added.And User hovers over quote and policy</span>
</div>
</td>
</tr>
</tbody>
</table>
</div>
</li>
</ul>
</div>
</div>
<div class="test-content scrollable">
<div class="test-content-detail">
<div class="detail-body"></div>
</div>
</div>
</div>        </div>
      </div>
    </div>
  </div>
<script src="https://cdn.jsdelivr.net/gh/extent-framework/extent-github-cdn@d6562a79075e061305ccfdb82f01e5e195e2d307/spark/js/spark-script.js"></script>
<script type="text/javascript"></script></body>
</html>